<?xml version="1.0" encoding="UTF-8"?>
<testsuite xmlns:xsi="http://www.w3.org/2001/XMLSchema-instance" xsi:noNamespaceSchemaLocation="https://maven.apache.org/surefire/maven-surefire-plugin/xsd/surefire-test-report.xsd" name="com.libraryapp.test.functional.MainFunctionalTest" time="32.591" tests="5" errors="0" skipped="0" failures="0">
  <properties>
[...]
</properties>
  <testcase name="testCommitMessageAddingIndexHtml" classname="com.libraryapp.test.functional.MainFunctionalTest" time="13.387"/>
  <testcase name="testMergeConflict" classname="com.libraryapp.test.functional.MainFunctionalTest" time="0.114"/>
  <testcase name="testFastForwardMerge" classname="com.libraryapp.test.functional.MainFunctionalTest" time="3.885"/>
  <testcase name="testBranchCreation" classname="com.libraryapp.test.functional.MainFunctionalTest" time="3.703"/>
  <testcase name="testBranchCreationFromMain" classname="com.libraryapp.test.functional.MainFunctionalTest" time="11.399"/>
</testsuite>